<?xml version="1.0" encoding="UTF-8"?>
<testng-results ignored="0" total="1" passed="0" failed="1" skipped="0">
  <reporter-output>
  </reporter-output>
  <suite started-at="2024-08-03T05:43:43Z" name="Default suite" finished-at="2024-08-03T05:48:44Z" duration-ms="300696">
    <groups>
    </groups>
    <test started-at="2024-08-03T05:43:43Z" name="Default test" finished-at="2024-08-03T05:48:44Z" duration-ms="300696">
      <class name="testscripts.SeGridPractice">
        <test-method signature="gridPractice()[pri:0, instance:testscripts.SeGridPractice@6c284af]" started-at="2024-08-03T05:43:43Z" name="gridPractice" finished-at="2024-08-03T05:48:44Z" duration-ms="300659" status="FAIL">
          <exception class="org.openqa.selenium.SessionNotCreatedException">
            <message>
              <![CDATA[Could not start a new session. New session request timed out 
Host info: host: 'DESKTOP-PATT121', ip: '192.168.142.1'
Build info: version: '4.23.0', revision: '4df0a231af'
System info: os.name: 'Windows 11', os.arch: 'amd64', os.version: '10.0', java.version: '17.0.10'
Driver info: driver.version: unknown
Build info: version: '3.141.59', revision: 'e82be7d358', time: '2018-11-14T08:17:03'
System info: host: 'DESKTOP-PATT121', ip: '192.168.142.1', os.name: 'Windows 11', os.arch: 'amd64', os.version: '10.0', java.version: '17.0.10'
Driver info: driver.version: RemoteWebDriver
remote stacktrace: [{fileName=LocalNewSessionQueue.java, moduleVersion=null, nativeMethod=false, moduleName=null, methodName=addToQueue, className=org.openqa.selenium.grid.sessionqueue.local.LocalNewSessionQueue, lineNumber=221, classLoaderName=app}, {fileName=NewSessionQueue.java, moduleVersion=null, nativeMethod=false, moduleName=null, methodName=lambda$new$0, className=org.openqa.selenium.grid.sessionqueue.NewSessionQueue, lineNumber=68, classLoaderName=app}, {fileName=Route.java, moduleVersion=null, nativeMethod=false, moduleName=null, methodName=handle, className=org.openqa.selenium.remote.http.Route$TemplatizedRoute, lineNumber=192, classLoaderName=app}, {fileName=Route.java, moduleVersion=null, nativeMethod=false, moduleName=null, methodName=execute, className=org.openqa.selenium.remote.http.Route, lineNumber=69, classLoaderName=app}, {fileName=Route.java, moduleVersion=null, nativeMethod=false, moduleName=null, methodName=handle, className=org.openqa.selenium.remote.http.Route$CombinedRoute, lineNumber=360, classLoaderName=app}, {fileName=Route.java, moduleVersion=null, nativeMethod=false, moduleName=null, methodName=execute, className=org.openqa.selenium.remote.http.Route, lineNumber=69, classLoaderName=app}, {fileName=NewSessionQueue.java, moduleVersion=null, nativeMethod=false, moduleName=null, methodName=execute, className=org.openqa.selenium.grid.sessionqueue.NewSessionQueue, lineNumber=128, classLoaderName=app}, {fileName=SpanWrappedHttpHandler.java, moduleVersion=null, nativeMethod=false, moduleName=null, methodName=execute, className=org.openqa.selenium.remote.tracing.SpanWrappedHttpHandler, lineNumber=87, classLoaderName=app}, {fileName=Filter.java, moduleVersion=null, nativeMethod=false, moduleName=null, methodName=execute, className=org.openqa.selenium.remote.http.Filter$1, lineNumber=63, classLoaderName=app}, {fileName=Route.java, moduleVersion=null, nativeMethod=false, moduleName=null, methodName=handle, className=org.openqa.selenium.remote.http.Route$CombinedRoute, lineNumber=360, classLoaderName=app}, {fileName=Route.java, moduleVersion=null, nativeMethod=false, moduleName=null, methodName=execute, className=org.openqa.selenium.remote.http.Route, lineNumber=69, classLoaderName=app}, {fileName=Router.java, moduleVersion=null, nativeMethod=false, moduleName=null, methodName=execute, className=org.openqa.selenium.grid.router.Router, lineNumber=87, classLoaderName=app}, {fileName=CheckOriginHeader.java, moduleVersion=null, nativeMethod=false, moduleName=null, methodName=lambda$apply$0, className=org.openqa.selenium.grid.web.CheckOriginHeader, lineNumber=69, classLoaderName=app}, {fileName=CheckContentTypeHeader.java, moduleVersion=null, nativeMethod=false, moduleName=null, methodName=lambda$apply$0, className=org.openqa.selenium.grid.web.CheckContentTypeHeader, lineNumber=75, classLoaderName=app}, {fileName=EnsureSpecCompliantResponseHeaders.java, moduleVersion=null, nativeMethod=false, moduleName=null, methodName=lambda$apply$0, className=org.openqa.selenium.grid.web.EnsureSpecCompliantResponseHeaders, lineNumber=34, classLoaderName=app}, {fileName=Filter.java, moduleVersion=null, nativeMethod=false, moduleName=null, methodName=execute, className=org.openqa.selenium.remote.http.Filter$1, lineNumber=63, classLoaderName=app}, {fileName=Route.java, moduleVersion=null, nativeMethod=false, moduleName=null, methodName=handle, className=org.openqa.selenium.remote.http.Route$CombinedRoute, lineNumber=360, classLoaderName=app}, {fileName=Route.java, moduleVersion=null, nativeMethod=false, moduleName=null, methodName=execute, className=org.openqa.selenium.remote.http.Route, lineNumber=69, classLoaderName=app}, {fileName=AddWebDriverSpecHeaders.java, moduleVersion=null, nativeMethod=false, moduleName=null, methodName=lambda$apply$0, className=org.openqa.selenium.remote.AddWebDriverSpecHeaders, lineNumber=35, classLoaderName=app}, {fileName=ErrorFilter.java, moduleVersion=null, nativeMethod=false, moduleName=null, methodName=lambda$apply$0, className=org.openqa.selenium.remote.ErrorFilter, lineNumber=44, classLoaderName=app}, {fileName=Filter.java, moduleVersion=null, nativeMethod=false, moduleName=null, methodName=execute, className=org.openqa.selenium.remote.http.Filter$1, lineNumber=63, classLoaderName=app}, {fileName=ErrorFilter.java, moduleVersion=null, nativeMethod=false, moduleName=null, methodName=lambda$apply$0, className=org.openqa.selenium.remote.ErrorFilter, lineNumber=44, classLoaderName=app}, {fileName=Filter.java, moduleVersion=null, nativeMethod=false, moduleName=null, methodName=execute, className=org.openqa.selenium.remote.http.Filter$1, lineNumber=63, classLoaderName=app}, {fileName=SeleniumHandler.java, moduleVersion=null, nativeMethod=false, moduleName=null, methodName=lambda$channelRead0$0, className=org.openqa.selenium.netty.server.SeleniumHandler, lineNumber=44, classLoaderName=app}, {fileName=Executors.java, moduleVersion=17.0.10, nativeMethod=false, moduleName=java.base, methodName=call, className=java.util.concurrent.Executors$RunnableAdapter, lineNumber=539, classLoaderName=null}, {fileName=FutureTask.java, moduleVersion=17.0.10, nativeMethod=false, moduleName=java.base, methodName=run, className=java.util.concurrent.FutureTask, lineNumber=264, classLoaderName=null}, {fileName=ThreadPoolExecutor.java, moduleVersion=17.0.10, nativeMethod=false, moduleName=java.base, methodName=runWorker, className=java.util.concurrent.ThreadPoolExecutor, lineNumber=1136, classLoaderName=null}, {fileName=ThreadPoolExecutor.java, moduleVersion=17.0.10, nativeMethod=false, moduleName=java.base, methodName=run, className=java.util.concurrent.ThreadPoolExecutor$Worker, lineNumber=635, classLoaderName=null}, {fileName=Thread.java, moduleVersion=17.0.10, nativeMethod=false, moduleName=java.base, methodName=run, className=java.lang.Thread, lineNumber=842, classLoaderName=null}]]]>
            </message>
            <full-stacktrace>
              <![CDATA[org.openqa.selenium.SessionNotCreatedException: Could not start a new session. New session request timed out 
Host info: host: 'DESKTOP-PATT121', ip: '192.168.142.1'
Build info: version: '4.23.0', revision: '4df0a231af'
System info: os.name: 'Windows 11', os.arch: 'amd64', os.version: '10.0', java.version: '17.0.10'
Driver info: driver.version: unknown
Build info: version: '3.141.59', revision: 'e82be7d358', time: '2018-11-14T08:17:03'
System info: host: 'DESKTOP-PATT121', ip: '192.168.142.1', os.name: 'Windows 11', os.arch: 'amd64', os.version: '10.0', java.version: '17.0.10'
Driver info: driver.version: RemoteWebDriver
remote stacktrace: [{fileName=LocalNewSessionQueue.java, moduleVersion=null, nativeMethod=false, moduleName=null, methodName=addToQueue, className=org.openqa.selenium.grid.sessionqueue.local.LocalNewSessionQueue, lineNumber=221, classLoaderName=app}, {fileName=NewSessionQueue.java, moduleVersion=null, nativeMethod=false, moduleName=null, methodName=lambda$new$0, className=org.openqa.selenium.grid.sessionqueue.NewSessionQueue, lineNumber=68, classLoaderName=app}, {fileName=Route.java, moduleVersion=null, nativeMethod=false, moduleName=null, methodName=handle, className=org.openqa.selenium.remote.http.Route$TemplatizedRoute, lineNumber=192, classLoaderName=app}, {fileName=Route.java, moduleVersion=null, nativeMethod=false, moduleName=null, methodName=execute, className=org.openqa.selenium.remote.http.Route, lineNumber=69, classLoaderName=app}, {fileName=Route.java, moduleVersion=null, nativeMethod=false, moduleName=null, methodName=handle, className=org.openqa.selenium.remote.http.Route$CombinedRoute, lineNumber=360, classLoaderName=app}, {fileName=Route.java, moduleVersion=null, nativeMethod=false, moduleName=null, methodName=execute, className=org.openqa.selenium.remote.http.Route, lineNumber=69, classLoaderName=app}, {fileName=NewSessionQueue.java, moduleVersion=null, nativeMethod=false, moduleName=null, methodName=execute, className=org.openqa.selenium.grid.sessionqueue.NewSessionQueue, lineNumber=128, classLoaderName=app}, {fileName=SpanWrappedHttpHandler.java, moduleVersion=null, nativeMethod=false, moduleName=null, methodName=execute, className=org.openqa.selenium.remote.tracing.SpanWrappedHttpHandler, lineNumber=87, classLoaderName=app}, {fileName=Filter.java, moduleVersion=null, nativeMethod=false, moduleName=null, methodName=execute, className=org.openqa.selenium.remote.http.Filter$1, lineNumber=63, classLoaderName=app}, {fileName=Route.java, moduleVersion=null, nativeMethod=false, moduleName=null, methodName=handle, className=org.openqa.selenium.remote.http.Route$CombinedRoute, lineNumber=360, classLoaderName=app}, {fileName=Route.java, moduleVersion=null, nativeMethod=false, moduleName=null, methodName=execute, className=org.openqa.selenium.remote.http.Route, lineNumber=69, classLoaderName=app}, {fileName=Router.java, moduleVersion=null, nativeMethod=false, moduleName=null, methodName=execute, className=org.openqa.selenium.grid.router.Router, lineNumber=87, classLoaderName=app}, {fileName=CheckOriginHeader.java, moduleVersion=null, nativeMethod=false, moduleName=null, methodName=lambda$apply$0, className=org.openqa.selenium.grid.web.CheckOriginHeader, lineNumber=69, classLoaderName=app}, {fileName=CheckContentTypeHeader.java, moduleVersion=null, nativeMethod=false, moduleName=null, methodName=lambda$apply$0, className=org.openqa.selenium.grid.web.CheckContentTypeHeader, lineNumber=75, classLoaderName=app}, {fileName=EnsureSpecCompliantResponseHeaders.java, moduleVersion=null, nativeMethod=false, moduleName=null, methodName=lambda$apply$0, className=org.openqa.selenium.grid.web.EnsureSpecCompliantResponseHeaders, lineNumber=34, classLoaderName=app}, {fileName=Filter.java, moduleVersion=null, nativeMethod=false, moduleName=null, methodName=execute, className=org.openqa.selenium.remote.http.Filter$1, lineNumber=63, classLoaderName=app}, {fileName=Route.java, moduleVersion=null, nativeMethod=false, moduleName=null, methodName=handle, className=org.openqa.selenium.remote.http.Route$CombinedRoute, lineNumber=360, classLoaderName=app}, {fileName=Route.java, moduleVersion=null, nativeMethod=false, moduleName=null, methodName=execute, className=org.openqa.selenium.remote.http.Route, lineNumber=69, classLoaderName=app}, {fileName=AddWebDriverSpecHeaders.java, moduleVersion=null, nativeMethod=false, moduleName=null, methodName=lambda$apply$0, className=org.openqa.selenium.remote.AddWebDriverSpecHeaders, lineNumber=35, classLoaderName=app}, {fileName=ErrorFilter.java, moduleVersion=null, nativeMethod=false, moduleName=null, methodName=lambda$apply$0, className=org.openqa.selenium.remote.ErrorFilter, lineNumber=44, classLoaderName=app}, {fileName=Filter.java, moduleVersion=null, nativeMethod=false, moduleName=null, methodName=execute, className=org.openqa.selenium.remote.http.Filter$1, lineNumber=63, classLoaderName=app}, {fileName=ErrorFilter.java, moduleVersion=null, nativeMethod=false, moduleName=null, methodName=lambda$apply$0, className=org.openqa.selenium.remote.ErrorFilter, lineNumber=44, classLoaderName=app}, {fileName=Filter.java, moduleVersion=null, nativeMethod=false, moduleName=null, methodName=execute, className=org.openqa.selenium.remote.http.Filter$1, lineNumber=63, classLoaderName=app}, {fileName=SeleniumHandler.java, moduleVersion=null, nativeMethod=false, moduleName=null, methodName=lambda$channelRead0$0, className=org.openqa.selenium.netty.server.SeleniumHandler, lineNumber=44, classLoaderName=app}, {fileName=Executors.java, moduleVersion=17.0.10, nativeMethod=false, moduleName=java.base, methodName=call, className=java.util.concurrent.Executors$RunnableAdapter, lineNumber=539, classLoaderName=null}, {fileName=FutureTask.java, moduleVersion=17.0.10, nativeMethod=false, moduleName=java.base, methodName=run, className=java.util.concurrent.FutureTask, lineNumber=264, classLoaderName=null}, {fileName=ThreadPoolExecutor.java, moduleVersion=17.0.10, nativeMethod=false, moduleName=java.base, methodName=runWorker, className=java.util.concurrent.ThreadPoolExecutor, lineNumber=1136, classLoaderName=null}, {fileName=ThreadPoolExecutor.java, moduleVersion=17.0.10, nativeMethod=false, moduleName=java.base, methodName=run, className=java.util.concurrent.ThreadPoolExecutor$Worker, lineNumber=635, classLoaderName=null}, {fileName=Thread.java, moduleVersion=17.0.10, nativeMethod=false, moduleName=java.base, methodName=run, className=java.lang.Thread, lineNumber=842, classLoaderName=null}]
at java.base/jdk.internal.reflect.NativeConstructorAccessorImpl.newInstance0(Native Method)
at java.base/jdk.internal.reflect.NativeConstructorAccessorImpl.newInstance(NativeConstructorAccessorImpl.java:77)
at java.base/jdk.internal.reflect.DelegatingConstructorAccessorImpl.newInstance(DelegatingConstructorAccessorImpl.java:45)
at java.base/java.lang.reflect.Constructor.newInstanceWithCaller(Constructor.java:499)
at java.base/java.lang.reflect.Constructor.newInstance(Constructor.java:480)
at org.openqa.selenium.remote.W3CHandshakeResponse.lambda$errorHandler$0(W3CHandshakeResponse.java:62)
at org.openqa.selenium.remote.HandshakeResponse.lambda$getResponseFunction$0(HandshakeResponse.java:30)
at org.openqa.selenium.remote.ProtocolHandshake.lambda$createSession$0(ProtocolHandshake.java:126)
at java.base/java.util.stream.ReferencePipeline$3$1.accept(ReferencePipeline.java:197)
at java.base/java.util.Spliterators$ArraySpliterator.tryAdvance(Spliterators.java:1002)
at java.base/java.util.stream.ReferencePipeline.forEachWithCancel(ReferencePipeline.java:129)
at java.base/java.util.stream.AbstractPipeline.copyIntoWithCancel(AbstractPipeline.java:527)
at java.base/java.util.stream.AbstractPipeline.copyInto(AbstractPipeline.java:513)
at java.base/java.util.stream.AbstractPipeline.wrapAndCopyInto(AbstractPipeline.java:499)
at java.base/java.util.stream.FindOps$FindOp.evaluateSequential(FindOps.java:150)
at java.base/java.util.stream.AbstractPipeline.evaluate(AbstractPipeline.java:234)
at java.base/java.util.stream.ReferencePipeline.findFirst(ReferencePipeline.java:647)
at org.openqa.selenium.remote.ProtocolHandshake.createSession(ProtocolHandshake.java:128)
at org.openqa.selenium.remote.ProtocolHandshake.createSession(ProtocolHandshake.java:74)
at org.openqa.selenium.remote.HttpCommandExecutor.execute(HttpCommandExecutor.java:136)
at org.openqa.selenium.remote.RemoteWebDriver.execute(RemoteWebDriver.java:552)
at org.openqa.selenium.remote.RemoteWebDriver.startSession(RemoteWebDriver.java:213)
at org.openqa.selenium.remote.RemoteWebDriver.<init>(RemoteWebDriver.java:131)
at org.openqa.selenium.remote.RemoteWebDriver.<init>(RemoteWebDriver.java:144)
at testscripts.SeGridPractice.gridPractice(SeGridPractice.java:20)
at java.base/jdk.internal.reflect.NativeMethodAccessorImpl.invoke0(Native Method)
at java.base/jdk.internal.reflect.NativeMethodAccessorImpl.invoke(NativeMethodAccessorImpl.java:77)
at java.base/jdk.internal.reflect.DelegatingMethodAccessorImpl.invoke(DelegatingMethodAccessorImpl.java:43)
at java.base/java.lang.reflect.Method.invoke(Method.java:568)
at org.testng.internal.MethodInvocationHelper.invokeMethod(MethodInvocationHelper.java:124)
at org.testng.internal.Invoker.invokeMethod(Invoker.java:583)
at org.testng.internal.Invoker.invokeTestMethod(Invoker.java:719)
at org.testng.internal.Invoker.invokeTestMethods(Invoker.java:989)
at org.testng.internal.TestMethodWorker.invokeTestMethods(TestMethodWorker.java:125)
at org.testng.internal.TestMethodWorker.run(TestMethodWorker.java:109)
at org.testng.TestRunner.privateRun(TestRunner.java:648)
at org.testng.TestRunner.run(TestRunner.java:505)
at org.testng.SuiteRunner.runTest(SuiteRunner.java:455)
at org.testng.SuiteRunner.runSequentially(SuiteRunner.java:450)
at org.testng.SuiteRunner.privateRun(SuiteRunner.java:415)
at org.testng.SuiteRunner.run(SuiteRunner.java:364)
at org.testng.SuiteRunnerWorker.runSuite(SuiteRunnerWorker.java:52)
at org.testng.SuiteRunnerWorker.run(SuiteRunnerWorker.java:84)
at org.testng.TestNG.runSuitesSequentially(TestNG.java:1208)
at org.testng.TestNG.runSuitesLocally(TestNG.java:1137)
at org.testng.TestNG.runSuites(TestNG.java:1049)
at org.testng.TestNG.run(TestNG.java:1017)
at org.testng.remote.AbstractRemoteTestNG.run(AbstractRemoteTestNG.java:115)
at org.testng.remote.RemoteTestNG.initAndRun(RemoteTestNG.java:293)
at org.testng.remote.RemoteTestNG.main(RemoteTestNG.java:91)
]]>
            </full-stacktrace>
          </exception> <!-- org.openqa.selenium.SessionNotCreatedException -->
          <reporter-output>
          </reporter-output>
        </test-method> <!-- gridPractice -->
      </class> <!-- testscripts.SeGridPractice -->
    </test> <!-- Default test -->
  </suite> <!-- Default suite -->
</testng-results>
